<?xml version="1.0" encoding="utf-8"?><testsuites><testsuite errors="0" failures="0" hostname="atpl-ThinkCentre-M72e" name="pytest" skipped="0" tests="4" time="62.100" timestamp="2022-12-31T13:00:01.833124"><testcase classname="test_adduser.TestAddUser" name="test_login" time="3.406" /><testcase classname="test_adduser.TestAddUser" name="test_submitUser[getdata0]" time="23.841" /><testcase classname="test_adduser.TestAddUser" name="test_submitUser_withoutenterdata" time="21.487" /><testcase classname="test_endtoend.TestOne" name="test_e2e" time="13.310" /></testsuite></testsuites>